<?xml version="1.0" encoding="UTF-8"?>
<!-- Generated by org.testng.reporters.JUnitReportReporter -->
<testsuite hostname="LAPTOP-0G4AGPL8" failures="0" tests="2" name="sampleTestNG.SampleTest" time="9.194" errors="0" timestamp="2020-11-29T16:34:09 EST" skipped="0">
  <testcase classname="sampleTestNG.SampleTest" name="verifyHomepageTitle" time="9.113"/>
  <system-out/>
  <testcase classname="sampleTestNG.SampleTest" name="verifylink" time="0.081"/>
  <system-out/>
</testsuite> <!-- sampleTestNG.SampleTest -->
