<?xml version="1.0" encoding="UTF-8"?>
<!-- Generated by org.testng.reporters.JUnitReportReporter -->
<testsuite hostname="LAPTOP-0G4AGPL8" failures="0" tests="2" name="sampleTestNG.SampleTest" time="7.866" errors="0" timestamp="2020-11-29T16:15:02 EST" skipped="0">
  <testcase classname="sampleTestNG.SampleTest" name="verifyHomepageTitle" time="7.516"/>
  <system-out/>
  <testcase classname="sampleTestNG.SampleTest" name="verifylink" time="0.350"/>
  <system-out/>
</testsuite> <!-- sampleTestNG.SampleTest -->
