<?xml version="1.0" encoding="UTF-8"?>
<!-- Generated by org.testng.reporters.JUnitReportReporter -->
<testsuite hostname="LAPTOP-0G4AGPL8" failures="0" tests="1" name="sampleTestNG.SampleTest" time="7.740" errors="0" timestamp="2020-11-27T09:45:42 EST" skipped="0">
  <testcase classname="sampleTestNG.SampleTest" name="verifyHomepageTitle" time="7.740"/>
  <system-out/>
</testsuite> <!-- sampleTestNG.SampleTest -->
